{"/Users/you.iwamoto/dev/personal/tdd_workshop_1004/src/ClosedRange.ts": {"path":"/Users/you.iwamoto/dev/personal/tdd_workshop_1004/src/ClosedRange.ts","all":false,"statementMap":{"0":{"start":{"line":1,"column":0},"end":{"line":1,"column":26}},"1":{"start":{"line":2,"column":0},"end":{"line":2,"column":55}},"2":{"start":{"line":3,"column":0},"end":{"line":3,"column":20}},"3":{"start":{"line":4,"column":0},"end":{"line":4,"column":24}},"4":{"start":{"line":5,"column":0},"end":{"line":5,"column":5}},"5":{"start":{"line":6,"column":0},"end":{"line":6,"column":3}},"6":{"start":{"line":7,"column":0},"end":{"line":7,"column":0}},"7":{"start":{"line":8,"column":0},"end":{"line":8,"column":14}},"8":{"start":{"line":9,"column":0},"end":{"line":9,"column":39}},"9":{"start":{"line":10,"column":0},"end":{"line":10,"column":3}},"10":{"start":{"line":11,"column":0},"end":{"line":11,"column":1}}},"s":{"0":1,"1":1,"2":2,"3":1,"4":1,"5":2,"6":1,"7":1,"8":1,"9":1,"10":2},"branchMap":{"0":{"type":"branch","line":2,"loc":{"start":{"line":2,"column":2},"end":{"line":6,"column":3}},"locations":[{"start":{"line":2,"column":2},"end":{"line":6,"column":3}}]},"1":{"type":"branch","line":3,"loc":{"start":{"line":3,"column":19},"end":{"line":5,"column":5}},"locations":[{"start":{"line":3,"column":19},"end":{"line":5,"column":5}}]},"2":{"type":"branch","line":8,"loc":{"start":{"line":8,"column":2},"end":{"line":11,"column":1}},"locations":[{"start":{"line":8,"column":2},"end":{"line":11,"column":1}}]},"3":{"type":"branch","line":11,"loc":{"start":{"line":11,"column":0},"end":{"line":11,"column":1}},"locations":[{"start":{"line":11,"column":0},"end":{"line":11,"column":1}}]}},"b":{"0":[2],"1":[1],"2":[1],"3":[2]},"fnMap":{"0":{"name":"ClosedRange","decl":{"start":{"line":2,"column":2},"end":{"line":6,"column":3}},"loc":{"start":{"line":2,"column":2},"end":{"line":6,"column":3}},"line":2},"1":{"name":"toString","decl":{"start":{"line":8,"column":2},"end":{"line":11,"column":1}},"loc":{"start":{"line":8,"column":2},"end":{"line":11,"column":1}},"line":8},"2":{"name":"get","decl":{"start":{"line":11,"column":0},"end":{"line":11,"column":1}},"loc":{"start":{"line":11,"column":0},"end":{"line":11,"column":1}},"line":11}},"f":{"0":2,"1":1,"2":2}}
}
